app/build/intermediates/manifest_merge_blame_file/debug/manifest-merger-blame-debug-report.txt
1<?xml version="1.0" encoding="utf-8"?>
2<manifest xmlns:android="http://schemas.android.com/apk/res/android"
3    package="com.korean.keyboard.voice.typing.english.keyboard"
4    android:versionCode="3"
5    android:versionName="1.2" >
6
7    <uses-sdk
8        android:minSdkVersion="21"
8-->src\main\AndroidManifest.xml
9        android:targetSdkVersion="31" />
9-->src\main\AndroidManifest.xml
10
11    <uses-permission android:name="android.permission.KILL_BACKGROUND_PROCESSES" />
11-->src\main\AndroidManifest.xml:6:5-84
11-->src\main\AndroidManifest.xml:6:22-81
12    <uses-permission android:name="android.permission.VIBRATE" />
12-->src\main\AndroidManifest.xml:7:5-66
12-->src\main\AndroidManifest.xml:7:22-63
13    <uses-permission android:name="android.permission.WRITE_USER_DICTIONARY" />
13-->src\main\AndroidManifest.xml:8:5-80
13-->src\main\AndroidManifest.xml:8:22-77
14    <uses-permission android:name="android.permission.RECORD_AUDIO" />
14-->src\main\AndroidManifest.xml:9:5-71
14-->src\main\AndroidManifest.xml:9:22-68
15    <uses-permission android:name="android.permission.READ_EXTERNAL_STORAGE" />
15-->src\main\AndroidManifest.xml:10:5-80
15-->src\main\AndroidManifest.xml:10:22-77
16    <uses-permission android:name="android.permission.REQUEST_DELETE_PACKAGES" />
16-->src\main\AndroidManifest.xml:11:5-82
16-->src\main\AndroidManifest.xml:11:22-79
17    <uses-permission android:name="android.permission.WRITE_EXTERNAL_STORAGE" />
17-->src\main\AndroidManifest.xml:12:5-81
17-->src\main\AndroidManifest.xml:12:22-78
18
19    <queries>
19-->src\main\AndroidManifest.xml:14:5-18:15
20        <intent>
20-->src\main\AndroidManifest.xml:15:9-17:18
21            <action android:name="android.speech.RecognitionService" />
21-->src\main\AndroidManifest.xml:16:13-72
21-->src\main\AndroidManifest.xml:16:21-69
22        </intent>
23        <!-- For browser content -->
24        <intent>
24-->[com.google.android.gms:play-services-ads-lite:20.5.0] AndroidManifest.xml:31:9-37:18
25            <action android:name="android.intent.action.VIEW" />
25-->[com.google.android.gms:play-services-ads-lite:20.5.0] AndroidManifest.xml:32:13-65
25-->[com.google.android.gms:play-services-ads-lite:20.5.0] AndroidManifest.xml:32:21-62
26
27            <category android:name="android.intent.category.BROWSABLE" />
27-->[com.google.android.gms:play-services-ads-lite:20.5.0] AndroidManifest.xml:34:13-74
27-->[com.google.android.gms:play-services-ads-lite:20.5.0] AndroidManifest.xml:34:23-71
28
29            <data android:scheme="https" />
29-->[com.google.android.gms:play-services-ads-lite:20.5.0] AndroidManifest.xml:36:13-44
29-->[com.google.android.gms:play-services-ads-lite:20.5.0] AndroidManifest.xml:36:19-41
30        </intent> <!-- End of browser content -->
31        <!-- For CustomTabsService -->
32        <intent>
32-->[com.google.android.gms:play-services-ads-lite:20.5.0] AndroidManifest.xml:40:9-42:18
33            <action android:name="android.support.customtabs.action.CustomTabsService" />
33-->[com.google.android.gms:play-services-ads-lite:20.5.0] AndroidManifest.xml:41:13-90
33-->[com.google.android.gms:play-services-ads-lite:20.5.0] AndroidManifest.xml:41:21-87
34        </intent>
35    </queries>
36
37    <uses-permission android:name="android.permission.ACCESS_NETWORK_STATE" />
37-->[com.google.mlkit:translate:16.1.2] AndroidManifest.xml:7:5-79
37-->[com.google.mlkit:translate:16.1.2] AndroidManifest.xml:7:22-76
38    <uses-permission android:name="android.permission.INTERNET" />
38-->[com.google.mlkit:translate:16.1.2] AndroidManifest.xml:8:5-67
38-->[com.google.mlkit:translate:16.1.2] AndroidManifest.xml:8:22-64
39    <uses-permission android:name="com.google.android.gms.permission.AD_ID" />
39-->[com.google.android.gms:play-services-ads-lite:20.5.0] AndroidManifest.xml:25:5-79
39-->[com.google.android.gms:play-services-ads-lite:20.5.0] AndroidManifest.xml:25:22-76
40    <uses-permission android:name="android.permission.WAKE_LOCK" />
40-->[com.google.android.gms:play-services-measurement-sdk-api:18.0.3] AndroidManifest.xml:25:5-68
40-->[com.google.android.gms:play-services-measurement-sdk-api:18.0.3] AndroidManifest.xml:25:22-65
41    <uses-permission android:name="android.permission.RECEIVE_BOOT_COMPLETED" />
41-->[androidx.work:work-runtime:2.7.0] AndroidManifest.xml:27:5-81
41-->[androidx.work:work-runtime:2.7.0] AndroidManifest.xml:27:22-78
42    <uses-permission android:name="android.permission.FOREGROUND_SERVICE" />
42-->[androidx.work:work-runtime:2.7.0] AndroidManifest.xml:28:5-77
42-->[androidx.work:work-runtime:2.7.0] AndroidManifest.xml:28:22-74
43
44    <application
44-->src\main\AndroidManifest.xml:20:5-94:19
45        android:name="com.example.koreankeyboard.classes.App"
45-->src\main\AndroidManifest.xml:21:9-36
46        android:allowBackup="true"
46-->src\main\AndroidManifest.xml:22:9-35
47        android:appComponentFactory="androidx.core.app.CoreComponentFactory"
47-->[androidx.core:core:1.7.0] AndroidManifest.xml:24:18-86
48        android:debuggable="true"
49        android:hardwareAccelerated="true"
49-->src\main\AndroidManifest.xml:28:9-43
50        android:icon="@mipmap/ic_launcher_foreground"
50-->src\main\AndroidManifest.xml:23:9-54
51        android:label="@string/app_name"
51-->src\main\AndroidManifest.xml:24:9-41
52        android:requestLegacyExternalStorage="true"
52-->src\main\AndroidManifest.xml:25:9-52
53        android:roundIcon="@mipmap/ic_launcher_round"
53-->src\main\AndroidManifest.xml:26:9-54
54        android:supportsRtl="true"
54-->src\main\AndroidManifest.xml:27:9-35
55        android:theme="@style/Theme.KeyboardKotlin" >
55-->src\main\AndroidManifest.xml:29:9-52
56        <meta-data
56-->src\main\AndroidManifest.xml:32:9-34:69
57            android:name="com.google.android.gms.ads.APPLICATION_ID"
57-->src\main\AndroidManifest.xml:33:13-69
58            android:value="ca-app-pub-2344986107534073~4630982758" />
58-->src\main\AndroidManifest.xml:34:13-67
59
60        <activity
60-->src\main\AndroidManifest.xml:36:9-39:52
61            android:name="com.example.koreankeyboard.AllDoneActivity"
61-->src\main\AndroidManifest.xml:37:13-44
62            android:exported="true"
62-->src\main\AndroidManifest.xml:38:13-36
63            android:screenOrientation="portrait" />
63-->src\main\AndroidManifest.xml:39:13-49
64        <activity
64-->src\main\AndroidManifest.xml:40:9-43:39
65            android:name="com.example.koreankeyboard.EnableKeyboardActivity"
65-->src\main\AndroidManifest.xml:41:13-51
66            android:exported="true"
66-->src\main\AndroidManifest.xml:43:13-36
67            android:screenOrientation="portrait" />
67-->src\main\AndroidManifest.xml:42:13-49
68        <activity
68-->src\main\AndroidManifest.xml:44:9-47:39
69            android:name="com.example.koreankeyboard.HowToUseActivity"
69-->src\main\AndroidManifest.xml:45:13-45
70            android:exported="true"
70-->src\main\AndroidManifest.xml:47:13-36
71            android:screenOrientation="portrait" />
71-->src\main\AndroidManifest.xml:46:13-49
72        <activity
72-->src\main\AndroidManifest.xml:48:9-51:39
73            android:name="com.example.koreankeyboard.ThemesActivity"
73-->src\main\AndroidManifest.xml:49:13-43
74            android:exported="true"
74-->src\main\AndroidManifest.xml:51:13-36
75            android:screenOrientation="portrait" />
75-->src\main\AndroidManifest.xml:50:13-49
76        <activity
76-->src\main\AndroidManifest.xml:52:9-60:20
77            android:name="com.example.koreankeyboard.SplashScreenActivity"
77-->src\main\AndroidManifest.xml:53:13-49
78            android:exported="true"
78-->src\main\AndroidManifest.xml:55:13-36
79            android:screenOrientation="portrait" >
79-->src\main\AndroidManifest.xml:54:13-49
80            <intent-filter>
80-->src\main\AndroidManifest.xml:56:13-59:29
81                <action android:name="android.intent.action.MAIN" />
81-->src\main\AndroidManifest.xml:57:17-69
81-->src\main\AndroidManifest.xml:57:25-66
82
83                <category android:name="android.intent.category.LAUNCHER" />
83-->src\main\AndroidManifest.xml:58:17-77
83-->src\main\AndroidManifest.xml:58:27-74
84            </intent-filter>
85        </activity>
86        <activity
86-->src\main\AndroidManifest.xml:61:9-64:39
87            android:name="com.example.koreankeyboard.MicPermissionActivity"
87-->src\main\AndroidManifest.xml:62:13-50
88            android:exported="true"
88-->src\main\AndroidManifest.xml:64:13-36
89            android:screenOrientation="portrait" />
89-->src\main\AndroidManifest.xml:63:13-49
90
91        <service
91-->src\main\AndroidManifest.xml:66:9-79:19
92            android:name="com.example.koreankeyboard.services.CustomInputMethodService"
92-->src\main\AndroidManifest.xml:67:13-62
93            android:exported="false"
93-->src\main\AndroidManifest.xml:68:13-37
94            android:label="Korean Keyboard"
94-->src\main\AndroidManifest.xml:69:13-44
95            android:permission="android.permission.BIND_INPUT_METHOD"
95-->src\main\AndroidManifest.xml:71:13-70
96            android:screenOrientation="portrait" >
96-->src\main\AndroidManifest.xml:70:13-49
97            <intent-filter>
97-->src\main\AndroidManifest.xml:72:13-74:29
98                <action android:name="android.view.InputMethod" />
98-->src\main\AndroidManifest.xml:73:17-67
98-->src\main\AndroidManifest.xml:73:25-64
99            </intent-filter>
100
101            <meta-data
101-->src\main\AndroidManifest.xml:76:13-78:59
102                android:name="android.view.im"
102-->src\main\AndroidManifest.xml:77:17-47
103                android:resource="@xml/keyboard_method" />
103-->src\main\AndroidManifest.xml:78:17-56
104        </service>
105
106        <activity
106-->src\main\AndroidManifest.xml:81:9-84:63
107            android:name="com.example.koreankeyboard.SettingsActivity"
107-->src\main\AndroidManifest.xml:82:13-45
108            android:exported="true"
108-->src\main\AndroidManifest.xml:83:13-36
109            android:label="@string/title_activity_settings" />
109-->src\main\AndroidManifest.xml:84:13-60
110        <activity
110-->src\main\AndroidManifest.xml:85:9-90:20
111            android:name="com.example.koreankeyboard.MainActivity"
111-->src\main\AndroidManifest.xml:86:13-41
112            android:exported="true"
112-->src\main\AndroidManifest.xml:87:13-36
113            android:windowSoftInputMode="adjustNothing" >
113-->src\main\AndroidManifest.xml:88:13-56
114        </activity>
115        <activity
115-->src\main\AndroidManifest.xml:91:9-93:59
116            android:name="com.theartofdev.edmodo.cropper.CropImageActivity"
116-->src\main\AndroidManifest.xml:92:13-76
117            android:theme="@style/Base.Theme.AppCompat" />
117-->src\main\AndroidManifest.xml:93:13-56
118
119        <service
119-->[com.google.mlkit:translate:16.1.2] AndroidManifest.xml:11:9-20:19
120            android:name="com.google.mlkit.common.internal.MlKitComponentDiscoveryService"
120-->[com.google.mlkit:translate:16.1.2] AndroidManifest.xml:12:13-91
121            android:directBootAware="true"
121-->[com.google.mlkit:common:17.1.0] AndroidManifest.xml:17:13-43
122            android:exported="false" >
122-->[com.google.mlkit:translate:16.1.2] AndroidManifest.xml:13:13-37
123            <meta-data
123-->[com.google.mlkit:translate:16.1.2] AndroidManifest.xml:14:13-16:85
124                android:name="com.google.firebase.components:com.google.mlkit.nl.translate.NaturalLanguageTranslateRegistrar"
124-->[com.google.mlkit:translate:16.1.2] AndroidManifest.xml:15:17-126
125                android:value="com.google.firebase.components.ComponentRegistrar" />
125-->[com.google.mlkit:translate:16.1.2] AndroidManifest.xml:16:17-82
126            <meta-data
126-->[com.google.mlkit:translate:16.1.2] AndroidManifest.xml:17:13-19:85
127                android:name="com.google.firebase.components:com.google.mlkit.nl.translate.RemoteConfigRegistrar"
127-->[com.google.mlkit:translate:16.1.2] AndroidManifest.xml:18:17-114
128                android:value="com.google.firebase.components.ComponentRegistrar" />
128-->[com.google.mlkit:translate:16.1.2] AndroidManifest.xml:19:17-82
129            <meta-data
129-->[com.google.mlkit:common:17.1.0] AndroidManifest.xml:20:13-22:85
130                android:name="com.google.firebase.components:com.google.mlkit.common.internal.CommonComponentRegistrar"
130-->[com.google.mlkit:common:17.1.0] AndroidManifest.xml:21:17-120
131                android:value="com.google.firebase.components.ComponentRegistrar" />
131-->[com.google.mlkit:common:17.1.0] AndroidManifest.xml:22:17-82
132        </service>
133
134        <provider
134-->[androidx.emoji2:emoji2:1.0.0] AndroidManifest.xml:26:9-34:20
135            android:name="androidx.startup.InitializationProvider"
135-->[androidx.emoji2:emoji2:1.0.0] AndroidManifest.xml:27:13-67
136            android:authorities="com.korean.keyboard.voice.typing.english.keyboard.androidx-startup"
136-->[androidx.emoji2:emoji2:1.0.0] AndroidManifest.xml:28:13-68
137            android:exported="false" >
137-->[androidx.emoji2:emoji2:1.0.0] AndroidManifest.xml:29:13-37
138            <meta-data
138-->[androidx.emoji2:emoji2:1.0.0] AndroidManifest.xml:31:13-33:52
139                android:name="androidx.emoji2.text.EmojiCompatInitializer"
139-->[androidx.emoji2:emoji2:1.0.0] AndroidManifest.xml:32:17-75
140                android:value="androidx.startup" />
140-->[androidx.emoji2:emoji2:1.0.0] AndroidManifest.xml:33:17-49
141            <meta-data
141-->[androidx.lifecycle:lifecycle-process:2.4.0] AndroidManifest.xml:31:13-33:52
142                android:name="androidx.lifecycle.ProcessLifecycleInitializer"
142-->[androidx.lifecycle:lifecycle-process:2.4.0] AndroidManifest.xml:32:17-78
143                android:value="androidx.startup" />
143-->[androidx.lifecycle:lifecycle-process:2.4.0] AndroidManifest.xml:33:17-49
144            <meta-data
144-->[androidx.work:work-runtime:2.7.0] AndroidManifest.xml:36:13-38:52
145                android:name="androidx.work.WorkManagerInitializer"
145-->[androidx.work:work-runtime:2.7.0] AndroidManifest.xml:37:17-68
146                android:value="androidx.startup" />
146-->[androidx.work:work-runtime:2.7.0] AndroidManifest.xml:38:17-49
147        </provider>
148        <provider
148-->[com.google.mlkit:common:17.1.0] AndroidManifest.xml:9:9-13:38
149            android:name="com.google.mlkit.common.internal.MlKitInitProvider"
149-->[com.google.mlkit:common:17.1.0] AndroidManifest.xml:10:13-78
150            android:authorities="com.korean.keyboard.voice.typing.english.keyboard.mlkitinitprovider"
150-->[com.google.mlkit:common:17.1.0] AndroidManifest.xml:11:13-69
151            android:exported="false"
151-->[com.google.mlkit:common:17.1.0] AndroidManifest.xml:12:13-37
152            android:initOrder="99" /> <!-- Include the AdActivity and InAppPurchaseActivity configChanges and themes. -->
152-->[com.google.mlkit:common:17.1.0] AndroidManifest.xml:13:13-35
153        <activity
153-->[com.google.android.gms:play-services-ads-lite:20.5.0] AndroidManifest.xml:49:9-53:64
154            android:name="com.google.android.gms.ads.AdActivity"
154-->[com.google.android.gms:play-services-ads-lite:20.5.0] AndroidManifest.xml:50:13-65
155            android:configChanges="keyboard|keyboardHidden|orientation|screenLayout|uiMode|screenSize|smallestScreenSize"
155-->[com.google.android.gms:play-services-ads-lite:20.5.0] AndroidManifest.xml:51:13-122
156            android:exported="false"
156-->[com.google.android.gms:play-services-ads-lite:20.5.0] AndroidManifest.xml:52:13-37
157            android:theme="@android:style/Theme.Translucent" />
157-->[com.google.android.gms:play-services-ads-lite:20.5.0] AndroidManifest.xml:53:13-61
158
159        <provider
159-->[com.google.android.gms:play-services-ads-lite:20.5.0] AndroidManifest.xml:55:9-59:39
160            android:name="com.google.android.gms.ads.MobileAdsInitProvider"
160-->[com.google.android.gms:play-services-ads-lite:20.5.0] AndroidManifest.xml:56:13-76
161            android:authorities="com.korean.keyboard.voice.typing.english.keyboard.mobileadsinitprovider"
161-->[com.google.android.gms:play-services-ads-lite:20.5.0] AndroidManifest.xml:57:13-73
162            android:exported="false"
162-->[com.google.android.gms:play-services-ads-lite:20.5.0] AndroidManifest.xml:58:13-37
163            android:initOrder="100" />
163-->[com.google.android.gms:play-services-ads-lite:20.5.0] AndroidManifest.xml:59:13-36
164
165        <service
165-->[com.google.android.gms:play-services-ads-lite:20.5.0] AndroidManifest.xml:61:9-64:40
166            android:name="com.google.android.gms.ads.AdService"
166-->[com.google.android.gms:play-services-ads-lite:20.5.0] AndroidManifest.xml:62:13-64
167            android:enabled="true"
167-->[com.google.android.gms:play-services-ads-lite:20.5.0] AndroidManifest.xml:63:13-35
168            android:exported="false" />
168-->[com.google.android.gms:play-services-ads-lite:20.5.0] AndroidManifest.xml:64:13-37
169
170        <activity
170-->[com.google.android.gms:play-services-base:17.6.0] AndroidManifest.xml:23:9-26:75
171            android:name="com.google.android.gms.common.api.GoogleApiActivity"
171-->[com.google.android.gms:play-services-base:17.6.0] AndroidManifest.xml:24:13-79
172            android:exported="false"
172-->[com.google.android.gms:play-services-base:17.6.0] AndroidManifest.xml:25:13-37
173            android:theme="@android:style/Theme.Translucent.NoTitleBar" />
173-->[com.google.android.gms:play-services-base:17.6.0] AndroidManifest.xml:26:13-72
174
175        <meta-data
175-->[com.google.android.gms:play-services-basement:17.6.0] AndroidManifest.xml:23:9-25:69
176            android:name="com.google.android.gms.version"
176-->[com.google.android.gms:play-services-basement:17.6.0] AndroidManifest.xml:24:13-58
177            android:value="@integer/google_play_services_version" />
177-->[com.google.android.gms:play-services-basement:17.6.0] AndroidManifest.xml:25:13-66
178
179        <service
179-->[androidx.work:work-runtime:2.7.0] AndroidManifest.xml:41:9-46:35
180            android:name="androidx.work.impl.background.systemalarm.SystemAlarmService"
180-->[androidx.work:work-runtime:2.7.0] AndroidManifest.xml:42:13-88
181            android:directBootAware="false"
181-->[androidx.work:work-runtime:2.7.0] AndroidManifest.xml:43:13-44
182            android:enabled="@bool/enable_system_alarm_service_default"
182-->[androidx.work:work-runtime:2.7.0] AndroidManifest.xml:44:13-72
183            android:exported="false" />
183-->[androidx.work:work-runtime:2.7.0] AndroidManifest.xml:45:13-37
184        <service
184-->[androidx.work:work-runtime:2.7.0] AndroidManifest.xml:47:9-53:35
185            android:name="androidx.work.impl.background.systemjob.SystemJobService"
185-->[androidx.work:work-runtime:2.7.0] AndroidManifest.xml:48:13-84
186            android:directBootAware="false"
186-->[androidx.work:work-runtime:2.7.0] AndroidManifest.xml:49:13-44
187            android:enabled="@bool/enable_system_job_service_default"
187-->[androidx.work:work-runtime:2.7.0] AndroidManifest.xml:50:13-70
188            android:exported="true"
188-->[androidx.work:work-runtime:2.7.0] AndroidManifest.xml:51:13-36
189            android:permission="android.permission.BIND_JOB_SERVICE" />
189-->[androidx.work:work-runtime:2.7.0] AndroidManifest.xml:52:13-69
190        <service
190-->[androidx.work:work-runtime:2.7.0] AndroidManifest.xml:54:9-59:35
191            android:name="androidx.work.impl.foreground.SystemForegroundService"
191-->[androidx.work:work-runtime:2.7.0] AndroidManifest.xml:55:13-81
192            android:directBootAware="false"
192-->[androidx.work:work-runtime:2.7.0] AndroidManifest.xml:56:13-44
193            android:enabled="@bool/enable_system_foreground_service_default"
193-->[androidx.work:work-runtime:2.7.0] AndroidManifest.xml:57:13-77
194            android:exported="false" />
194-->[androidx.work:work-runtime:2.7.0] AndroidManifest.xml:58:13-37
195
196        <receiver
196-->[androidx.work:work-runtime:2.7.0] AndroidManifest.xml:61:9-66:35
197            android:name="androidx.work.impl.utils.ForceStopRunnable$BroadcastReceiver"
197-->[androidx.work:work-runtime:2.7.0] AndroidManifest.xml:62:13-88
198            android:directBootAware="false"
198-->[androidx.work:work-runtime:2.7.0] AndroidManifest.xml:63:13-44
199            android:enabled="true"
199-->[androidx.work:work-runtime:2.7.0] AndroidManifest.xml:64:13-35
200            android:exported="false" />
200-->[androidx.work:work-runtime:2.7.0] AndroidManifest.xml:65:13-37
201        <receiver
201-->[androidx.work:work-runtime:2.7.0] AndroidManifest.xml:67:9-77:20
202            android:name="androidx.work.impl.background.systemalarm.ConstraintProxy$BatteryChargingProxy"
202-->[androidx.work:work-runtime:2.7.0] AndroidManifest.xml:68:13-106
203            android:directBootAware="false"
203-->[androidx.work:work-runtime:2.7.0] AndroidManifest.xml:69:13-44
204            android:enabled="false"
204-->[androidx.work:work-runtime:2.7.0] AndroidManifest.xml:70:13-36
205            android:exported="false" >
205-->[androidx.work:work-runtime:2.7.0] AndroidManifest.xml:71:13-37
206            <intent-filter>
206-->[androidx.work:work-runtime:2.7.0] AndroidManifest.xml:73:13-76:29
207                <action android:name="android.intent.action.ACTION_POWER_CONNECTED" />
207-->[androidx.work:work-runtime:2.7.0] AndroidManifest.xml:74:17-87
207-->[androidx.work:work-runtime:2.7.0] AndroidManifest.xml:74:25-84
208                <action android:name="android.intent.action.ACTION_POWER_DISCONNECTED" />
208-->[androidx.work:work-runtime:2.7.0] AndroidManifest.xml:75:17-90
208-->[androidx.work:work-runtime:2.7.0] AndroidManifest.xml:75:25-87
209            </intent-filter>
210        </receiver>
211        <receiver
211-->[androidx.work:work-runtime:2.7.0] AndroidManifest.xml:78:9-88:20
212            android:name="androidx.work.impl.background.systemalarm.ConstraintProxy$BatteryNotLowProxy"
212-->[androidx.work:work-runtime:2.7.0] AndroidManifest.xml:79:13-104
213            android:directBootAware="false"
213-->[androidx.work:work-runtime:2.7.0] AndroidManifest.xml:80:13-44
214            android:enabled="false"
214-->[androidx.work:work-runtime:2.7.0] AndroidManifest.xml:81:13-36
215            android:exported="false" >
215-->[androidx.work:work-runtime:2.7.0] AndroidManifest.xml:82:13-37
216            <intent-filter>
216-->[androidx.work:work-runtime:2.7.0] AndroidManifest.xml:84:13-87:29
217                <action android:name="android.intent.action.BATTERY_OKAY" />
217-->[androidx.work:work-runtime:2.7.0] AndroidManifest.xml:85:17-77
217-->[androidx.work:work-runtime:2.7.0] AndroidManifest.xml:85:25-74
218                <action android:name="android.intent.action.BATTERY_LOW" />
218-->[androidx.work:work-runtime:2.7.0] AndroidManifest.xml:86:17-76
218-->[androidx.work:work-runtime:2.7.0] AndroidManifest.xml:86:25-73
219            </intent-filter>
220        </receiver>
221        <receiver
221-->[androidx.work:work-runtime:2.7.0] AndroidManifest.xml:89:9-99:20
222            android:name="androidx.work.impl.background.systemalarm.ConstraintProxy$StorageNotLowProxy"
222-->[androidx.work:work-runtime:2.7.0] AndroidManifest.xml:90:13-104
223            android:directBootAware="false"
223-->[androidx.work:work-runtime:2.7.0] AndroidManifest.xml:91:13-44
224            android:enabled="false"
224-->[androidx.work:work-runtime:2.7.0] AndroidManifest.xml:92:13-36
225            android:exported="false" >
225-->[androidx.work:work-runtime:2.7.0] AndroidManifest.xml:93:13-37
226            <intent-filter>
226-->[androidx.work:work-runtime:2.7.0] AndroidManifest.xml:95:13-98:29
227                <action android:name="android.intent.action.DEVICE_STORAGE_LOW" />
227-->[androidx.work:work-runtime:2.7.0] AndroidManifest.xml:96:17-83
227-->[androidx.work:work-runtime:2.7.0] AndroidManifest.xml:96:25-80
228                <action android:name="android.intent.action.DEVICE_STORAGE_OK" />
228-->[androidx.work:work-runtime:2.7.0] AndroidManifest.xml:97:17-82
228-->[androidx.work:work-runtime:2.7.0] AndroidManifest.xml:97:25-79
229            </intent-filter>
230        </receiver>
231        <receiver
231-->[androidx.work:work-runtime:2.7.0] AndroidManifest.xml:100:9-109:20
232            android:name="androidx.work.impl.background.systemalarm.ConstraintProxy$NetworkStateProxy"
232-->[androidx.work:work-runtime:2.7.0] AndroidManifest.xml:101:13-103
233            android:directBootAware="false"
233-->[androidx.work:work-runtime:2.7.0] AndroidManifest.xml:102:13-44
234            android:enabled="false"
234-->[androidx.work:work-runtime:2.7.0] AndroidManifest.xml:103:13-36
235            android:exported="false" >
235-->[androidx.work:work-runtime:2.7.0] AndroidManifest.xml:104:13-37
236            <intent-filter>
236-->[androidx.work:work-runtime:2.7.0] AndroidManifest.xml:106:13-108:29
237                <action android:name="android.net.conn.CONNECTIVITY_CHANGE" />
237-->[androidx.work:work-runtime:2.7.0] AndroidManifest.xml:107:17-79
237-->[androidx.work:work-runtime:2.7.0] AndroidManifest.xml:107:25-76
238            </intent-filter>
239        </receiver>
240        <receiver
240-->[androidx.work:work-runtime:2.7.0] AndroidManifest.xml:110:9-121:20
241            android:name="androidx.work.impl.background.systemalarm.RescheduleReceiver"
241-->[androidx.work:work-runtime:2.7.0] AndroidManifest.xml:111:13-88
242            android:directBootAware="false"
242-->[androidx.work:work-runtime:2.7.0] AndroidManifest.xml:112:13-44
243            android:enabled="false"
243-->[androidx.work:work-runtime:2.7.0] AndroidManifest.xml:113:13-36
244            android:exported="false" >
244-->[androidx.work:work-runtime:2.7.0] AndroidManifest.xml:114:13-37
245            <intent-filter>
245-->[androidx.work:work-runtime:2.7.0] AndroidManifest.xml:116:13-120:29
246                <action android:name="android.intent.action.BOOT_COMPLETED" />
246-->[androidx.work:work-runtime:2.7.0] AndroidManifest.xml:117:17-79
246-->[androidx.work:work-runtime:2.7.0] AndroidManifest.xml:117:25-76
247                <action android:name="android.intent.action.TIME_SET" />
247-->[androidx.work:work-runtime:2.7.0] AndroidManifest.xml:118:17-73
247-->[androidx.work:work-runtime:2.7.0] AndroidManifest.xml:118:25-70
248                <action android:name="android.intent.action.TIMEZONE_CHANGED" />
248-->[androidx.work:work-runtime:2.7.0] AndroidManifest.xml:119:17-81
248-->[androidx.work:work-runtime:2.7.0] AndroidManifest.xml:119:25-78
249            </intent-filter>
250        </receiver>
251        <receiver
251-->[androidx.work:work-runtime:2.7.0] AndroidManifest.xml:122:9-131:20
252            android:name="androidx.work.impl.background.systemalarm.ConstraintProxyUpdateReceiver"
252-->[androidx.work:work-runtime:2.7.0] AndroidManifest.xml:123:13-99
253            android:directBootAware="false"
253-->[androidx.work:work-runtime:2.7.0] AndroidManifest.xml:124:13-44
254            android:enabled="@bool/enable_system_alarm_service_default"
254-->[androidx.work:work-runtime:2.7.0] AndroidManifest.xml:125:13-72
255            android:exported="false" >
255-->[androidx.work:work-runtime:2.7.0] AndroidManifest.xml:126:13-37
256            <intent-filter>
256-->[androidx.work:work-runtime:2.7.0] AndroidManifest.xml:128:13-130:29
257                <action android:name="androidx.work.impl.background.systemalarm.UpdateProxies" />
257-->[androidx.work:work-runtime:2.7.0] AndroidManifest.xml:129:17-98
257-->[androidx.work:work-runtime:2.7.0] AndroidManifest.xml:129:25-95
258            </intent-filter>
259        </receiver>
260        <receiver
260-->[androidx.work:work-runtime:2.7.0] AndroidManifest.xml:132:9-142:20
261            android:name="androidx.work.impl.diagnostics.DiagnosticsReceiver"
261-->[androidx.work:work-runtime:2.7.0] AndroidManifest.xml:133:13-78
262            android:directBootAware="false"
262-->[androidx.work:work-runtime:2.7.0] AndroidManifest.xml:134:13-44
263            android:enabled="true"
263-->[androidx.work:work-runtime:2.7.0] AndroidManifest.xml:135:13-35
264            android:exported="true"
264-->[androidx.work:work-runtime:2.7.0] AndroidManifest.xml:136:13-36
265            android:permission="android.permission.DUMP" >
265-->[androidx.work:work-runtime:2.7.0] AndroidManifest.xml:137:13-57
266            <intent-filter>
266-->[androidx.work:work-runtime:2.7.0] AndroidManifest.xml:139:13-141:29
267                <action android:name="androidx.work.diagnostics.REQUEST_DIAGNOSTICS" />
267-->[androidx.work:work-runtime:2.7.0] AndroidManifest.xml:140:17-88
267-->[androidx.work:work-runtime:2.7.0] AndroidManifest.xml:140:25-85
268            </intent-filter>
269        </receiver>
270
271        <service
271-->[com.google.android.datatransport:transport-backend-cct:2.3.2] AndroidManifest.xml:29:9-35:19
272            android:name="com.google.android.datatransport.runtime.backends.TransportBackendDiscovery"
272-->[com.google.android.datatransport:transport-backend-cct:2.3.2] AndroidManifest.xml:30:13-103
273            android:exported="false" >
273-->[com.google.android.datatransport:transport-backend-cct:2.3.2] AndroidManifest.xml:31:13-37
274            <meta-data
274-->[com.google.android.datatransport:transport-backend-cct:2.3.2] AndroidManifest.xml:32:13-34:39
275                android:name="backend:com.google.android.datatransport.cct.CctBackendFactory"
275-->[com.google.android.datatransport:transport-backend-cct:2.3.2] AndroidManifest.xml:33:17-94
276                android:value="cct" />
276-->[com.google.android.datatransport:transport-backend-cct:2.3.2] AndroidManifest.xml:34:17-36
277        </service>
278        <service